[debug] [2019-11-20T02:34:11.896Z] ----------------------------------------------------------------------
[debug] [2019-11-20T02:34:11.899Z] Command:       C:\Program Files\nodejs\node.exe C:\Users\phillim\AppData\Roaming\npm\node_modules\firebase-tools\lib\bin\firebase.js serve
[debug] [2019-11-20T02:34:11.900Z] CLI Version:   7.3.1
[debug] [2019-11-20T02:34:11.900Z] Platform:      win32
[debug] [2019-11-20T02:34:11.900Z] Node Version:  v12.9.1
[debug] [2019-11-20T02:34:11.901Z] Time:          Tue Nov 19 2019 21:34:11 GMT-0500 (Eastern Standard Time)
[debug] [2019-11-20T02:34:11.902Z] ----------------------------------------------------------------------
[debug] 
[debug] [2019-11-20T02:34:11.910Z] > command requires scopes: ["email","openid","https://www.googleapis.com/auth/cloudplatformprojects.readonly","https://www.googleapis.com/auth/firebase","https://www.googleapis.com/auth/cloud-platform"]
[debug] [2019-11-20T02:34:11.910Z] > authorizing via signed-in user
[debug] [2019-11-20T02:34:11.911Z] [iam] checking project wow-guild-manager for permissions ["firebase.projects.get"]
[debug] [2019-11-20T02:34:11.912Z] > refreshing access token with scopes: ["email","https://www.googleapis.com/auth/cloud-platform","https://www.googleapis.com/auth/cloudplatformprojects.readonly","https://www.googleapis.com/auth/firebase","openid"]
[debug] [2019-11-20T02:34:11.913Z] >>> HTTP REQUEST POST https://www.googleapis.com/oauth2/v3/token  
 <request body omitted>
[debug] [2019-11-20T02:34:12.337Z] <<< HTTP RESPONSE 200
[debug] [2019-11-20T02:34:12.346Z] >>> HTTP REQUEST POST https://cloudresourcemanager.googleapis.com/v1/projects/wow-guild-manager:testIamPermissions  

[debug] [2019-11-20T02:34:12.876Z] <<< HTTP RESPONSE 200
[debug] [2019-11-20T02:34:12.878Z] >>> HTTP REQUEST GET https://firebase.googleapis.com/v1beta1/projects/wow-guild-manager  
 
[debug] [2019-11-20T02:34:13.280Z] <<< HTTP RESPONSE 200
[info] 
[info] === Serving from 'C:\Users\phillim\Documents\wow-guild-manager4\app'...
[info] 
[debug] [2019-11-20T02:34:13.286Z] >>> HTTP REQUEST GET https://firebase.googleapis.com/v1beta1/projects/wow-guild-manager/webApps/-/config  
 
[warn] !  Your requested "node" version "10" doesn't match your global version "12"
[info] +  functions: Emulator started at http://localhost:5001
[debug] [2019-11-20T02:34:13.934Z] <<< HTTP RESPONSE 200
[info] i  functions: Watching "C:\Users\phillim\Documents\wow-guild-manager4\app\functions" for Cloud Functions...
[info] i  hosting: Serving hosting files from: dist
[info] +  hosting: Local server: http://localhost:5000
[debug] [2019-11-20T02:34:14.397Z] [runtime-status] Functions runtime initialized. {"cwd":"C:\\Users\\phillim\\Documents\\wow-guild-manager4\\app\\functions","node_version":"12.9.1"}
[debug] [2019-11-20T02:34:14.397Z] [runtime-status] Disabled runtime features: {"functions_config_helper":true,"network_filtering":true,"timeout":true,"memory_limiting":true,"admin_stubs":true} {}
[warn] !  The Cloud Functions emulator requires the module "firebase-admin" to be installed. This package is in your package.json, but it's not available. You probably need to run "npm install" in your functions directory.
[info] i  functions: Your functions could not be parsed due to an issue with your node_modules (see above)
