[debug] [2019-10-18T18:46:37.777Z] ----------------------------------------------------------------------
[debug] [2019-10-18T18:46:37.783Z] Command:       C:\Program Files\nodejs\node.exe C:\Users\phillim\AppData\Roaming\npm\node_modules\firebase-tools\lib\bin\firebase.js init
[debug] [2019-10-18T18:46:37.784Z] CLI Version:   7.3.1
[debug] [2019-10-18T18:46:37.784Z] Platform:      win32
[debug] [2019-10-18T18:46:37.784Z] Node Version:  v12.9.1
[debug] [2019-10-18T18:46:37.787Z] Time:          Fri Oct 18 2019 14:46:37 GMT-0400 (Eastern Daylight Time)
[debug] [2019-10-18T18:46:37.787Z] ----------------------------------------------------------------------
[debug] 
[debug] [2019-10-18T18:46:37.815Z] > command requires scopes: ["email","openid","https://www.googleapis.com/auth/cloudplatformprojects.readonly","https://www.googleapis.com/auth/firebase","https://www.googleapis.com/auth/cloud-platform"]
[debug] [2019-10-18T18:46:37.816Z] > authorizing via signed-in user
[info] 
     ######## #### ########  ######## ########     ###     ######  ########
     ##        ##  ##     ## ##       ##     ##  ##   ##  ##       ##
     ######    ##  ########  ######   ########  #########  ######  ######
     ##        ##  ##    ##  ##       ##     ## ##     ##       ## ##
     ##       #### ##     ## ######## ########  ##     ##  ######  ########

You're about to initialize a Firebase project in this directory:

  C:\Users\phillim\fire-app\src

[info] 
=== Project Setup
[info] 
[info] First, let's associate this project directory with a Firebase project.
[info] You can create multiple project aliases by running firebase use --add, 
[info] but for now we'll just set up a default project.
[info] 
